<?xml version="1.0" encoding="UTF-8"?>
<!-- Generated by org.testng.reporters.JUnitReportReporter -->
<testsuite hostname="DESKTOP-TC4O5GA" name="stu.denglu" tests="1" failures="0" timestamp="6 Mar 2019 00:59:46 GMT" time="0.014" errors="0">
  <testcase name="A1_zhuce" time="0.014" classname="stu.denglu"/>
</testsuite> <!-- stu.denglu -->
