<?xml version="1.0" encoding="UTF-8"?>
<!-- Generated by org.testng.reporters.JUnitReportReporter -->
<testsuite hostname="DESKTOP-TC4O5GA" name="cometestcase.logintestcase" tests="1" failures="0" timestamp="20 Mar 2019 00:58:11 GMT" time="10.271" errors="0">
  <testcase name="login" time="10.271" classname="cometestcase.logintestcase"/>
</testsuite> <!-- cometestcase.logintestcase -->
