<?xml version="1.0" encoding="UTF-8"?>
<!-- Generated by org.testng.reporters.JUnitReportReporter -->
<testsuite hostname="DESKTOP-TC4O5GA" name="cometestcase.addtestcase" tests="1" failures="0" timestamp="20 Mar 2019 00:58:11 GMT" time="15.088" errors="0">
  <testcase name="xztk" time="15.088" classname="cometestcase.addtestcase"/>
</testsuite> <!-- cometestcase.addtestcase -->
