<?xml version="1.0" encoding="UTF-8"?>
<!-- Generated by org.testng.reporters.JUnitReportReporter -->
<testsuite hostname="DESKTOP-TC4O5GA" name="cometestcase.logintestcase" tests="1" failures="0" timestamp="7 Mar 2019 01:48:48 GMT" time="18.997" errors="0">
  <testcase name="login" time="18.997" classname="cometestcase.logintestcase"/>
</testsuite> <!-- cometestcase.logintestcase -->
